<?xml version="1.0" encoding="UTF-8"?>
<!-- Generated by org.testng.reporters.JUnitReportReporter -->
<testsuite skipped="0" hostname="ip-172-31-13-94" name="Maven.Simplilearn_maven.AppTest" tests="1" failures="0" timestamp="25 Feb 2021 04:16:53 GMT" time="0.009" errors="0">
  <testcase name="testApp" time="0.009" classname="Maven.Simplilearn_maven.AppTest"/>
</testsuite> <!-- Maven.Simplilearn_maven.AppTest -->
